2022/04/07 11:27:41 [error] [exception.CException] CException: MaleController 无法找到请求的视图 "male/index". in C:\wamp64\www\aixice\aixice\configservice\framework\web\CController.php:894
Stack trace:
#0 C:\wamp64\www\aixice\aixice\configservice\framework\web\CController.php(791): CController->renderPartial('male/index', Array, true)
#1 C:\wamp64\www\aixice\aixice\MainService\main\protected\controllers\MaleController.php(4): CController->render('male/index')
#2 C:\wamp64\www\aixice\aixice\configservice\framework\web\actions\CInlineAction.php(49): MaleController->actionindex()
#3 C:\wamp64\www\aixice\aixice\configservice\framework\web\CController.php(308): CInlineAction->runWithParams(Array)
#4 C:\wamp64\www\aixice\aixice\configservice\framework\web\CController.php(286): CController->runAction(Object(CInlineAction))
#5 C:\wamp64\www\aixice\aixice\configservice\framework\web\CController.php(265): CController->runActionWithFilters(Object(CInlineAction), Array)
#6 C:\wamp64\www\aixice\aixice\configservice\framework\web\CWebApplication.php(282): CController->run('index')
#7 C:\wamp64\www\aixice\aixice\configservice\framework\web\CWebApplication.php(141): CWebApplication->runController('Male/index')
#8 C:\wamp64\www\aixice\aixice\configservice\framework\base\CApplication.php(180): CWebApplication->processRequest()
#9 C:\wamp64\www\aixice\aixice\MainService\main\index.php(6): CApplication->run()
#10 {main}
REQUEST_URI=/MainService/main/index.php?r=Male/index
---
2022/04/07 11:30:35 [error] [exception.CException] CException: MaleController 无法找到请求的视图 "male/index". in C:\wamp64\www\aixice\aixice\configservice\framework\web\CController.php:894
Stack trace:
#0 C:\wamp64\www\aixice\aixice\configservice\framework\web\CController.php(791): CController->renderPartial('male/index', Array, true)
#1 C:\wamp64\www\aixice\aixice\MainService\main\protected\controllers\MaleController.php(4): CController->render('male/index')
#2 C:\wamp64\www\aixice\aixice\configservice\framework\web\actions\CInlineAction.php(49): MaleController->actionindex()
#3 C:\wamp64\www\aixice\aixice\configservice\framework\web\CController.php(308): CInlineAction->runWithParams(Array)
#4 C:\wamp64\www\aixice\aixice\configservice\framework\web\CController.php(286): CController->runAction(Object(CInlineAction))
#5 C:\wamp64\www\aixice\aixice\configservice\framework\web\CController.php(265): CController->runActionWithFilters(Object(CInlineAction), Array)
#6 C:\wamp64\www\aixice\aixice\configservice\framework\web\CWebApplication.php(282): CController->run('index')
#7 C:\wamp64\www\aixice\aixice\configservice\framework\web\CWebApplication.php(141): CWebApplication->runController('Male/index')
#8 C:\wamp64\www\aixice\aixice\configservice\framework\base\CApplication.php(180): CWebApplication->processRequest()
#9 C:\wamp64\www\aixice\aixice\MainService\main\index.php(6): CApplication->run()
#10 {main}
REQUEST_URI=/MainService/main/index.php?r=Male/index
---
